python: can't open file 'runserver': [Errno 2] No such file or directory
[06/Jan/2015 16:32:14] "GET /index.html HTTP/1.1" 200 3481
[06/Jan/2015 16:32:27] "GET /about.html HTTP/1.1" 200 4425
[06/Jan/2015 16:32:29] "GET /Bootstrap,%20from%20Twitter_files/bootstrap-transition.js HTTP/1.1" 404 6001
[06/Jan/2015 16:32:29] "GET /Bootstrap,%20from%20Twitter_files/jquery.js HTTP/1.1" 404 5959
[06/Jan/2015 16:32:29] "GET /Bootstrap,%20from%20Twitter_files/bootstrap-alert.js HTTP/1.1" 404 5986
[06/Jan/2015 16:32:29] "GET /Bootstrap,%20from%20Twitter_files/bootstrap-dropdown.js HTTP/1.1" 404 5995
[06/Jan/2015 16:32:29] "GET /Bootstrap,%20from%20Twitter_files/bootstrap-scrollspy.js HTTP/1.1" 404 5998
[06/Jan/2015 16:32:29] "GET /Bootstrap,%20from%20Twitter_files/bootstrap-modal.js HTTP/1.1" 404 5986
[06/Jan/2015 16:32:30] "GET /Bootstrap,%20from%20Twitter_files/bootstrap-tab.js HTTP/1.1" 404 5980
[06/Jan/2015 16:32:30] "GET /Bootstrap,%20from%20Twitter_files/bootstrap-button.js HTTP/1.1" 404 5989
[06/Jan/2015 16:32:30] "GET /Bootstrap,%20from%20Twitter_files/bootstrap-collapse.js HTTP/1.1" 404 5995
[06/Jan/2015 16:32:30] "GET /Bootstrap,%20from%20Twitter_files/bootstrap-tooltip.js HTTP/1.1" 404 5992
[06/Jan/2015 16:32:30] "GET /Bootstrap,%20from%20Twitter_files/bootstrap-carousel.js HTTP/1.1" 404 5995
[06/Jan/2015 16:32:30] "GET /Bootstrap,%20from%20Twitter_files/bootstrap-popover.js HTTP/1.1" 404 5992
[06/Jan/2015 16:48:32] "GET / HTTP/1.1" 200 3481
[06/Jan/2015 17:04:02] "GET /overview?type=academy HTTP/1.1" 200 2642
[06/Jan/2015 17:04:07] "GET /overview?type=academy HTTP/1.1" 200 2642
[06/Jan/2015 17:04:15] "GET /overview?type=news HTTP/1.1" 200 2624
[06/Jan/2015 17:04:16] "GET /image/news.png HTTP/1.1" 404 1644
[06/Jan/2015 17:04:20] "GET /overview?type=life HTTP/1.1" 200 2624
[06/Jan/2015 17:04:21] "GET /image/life.png HTTP/1.1" 404 1644
[06/Jan/2015 17:05:28] "GET /overview?type=life HTTP/1.1" 200 2624
[06/Jan/2015 17:05:28] "GET /image/life.png HTTP/1.1" 404 1644
[06/Jan/2015 17:05:36] "GET /overview?type=life HTTP/1.1" 200 2624
[06/Jan/2015 17:05:37] "GET /js/bootstrap.min.js HTTP/1.1" 200 33019
[06/Jan/2015 17:05:37] "GET /css/dashboard.css HTTP/1.1" 200 1557
[06/Jan/2015 17:05:37] "GET /image/life.png HTTP/1.1" 404 1644
[06/Jan/2015 17:05:40] "GET /css/bootstrap.min.css HTTP/1.1" 200 113513
[06/Jan/2015 17:05:46] "GET /image/life.png HTTP/1.1" 404 1644
[06/Jan/2015 17:17:13] "GET / HTTP/1.1" 200 3481
[06/Jan/2015 17:28:27] "GET /overview?type=life HTTP/1.1" 200 3407
[06/Jan/2015 17:28:28] "GET /image/life.png HTTP/1.1" 404 1644
[06/Jan/2015 17:28:28] "GET /css/dashboard.css HTTP/1.1" 200 1557
[06/Jan/2015 17:28:28] "GET /js/bootstrap.min.js HTTP/1.1" 200 33019
[06/Jan/2015 17:28:30] "GET /css/bootstrap.min.css HTTP/1.1" 200 113513
[06/Jan/2015 17:28:31] "GET /image/life.png HTTP/1.1" 404 1644
[06/Jan/2015 17:29:02] "GET /add?type=life HTTP/1.1" 200 3467
[06/Jan/2015 17:29:03] "GET /add_life.html HTTP/1.1" 200 4363
[06/Jan/2015 17:34:45] "GET / HTTP/1.1" 200 3481
[06/Jan/2015 17:34:53] "GET /overview?type=news HTTP/1.1" 200 3083
[06/Jan/2015 17:34:53] "GET /image/news.png HTTP/1.1" 404 1644
[06/Jan/2015 17:34:59] "GET /index.html HTTP/1.1" 200 3481
[06/Jan/2015 17:35:04] "GET /overview?type=life HTTP/1.1" 200 3407
[06/Jan/2015 17:35:04] "GET /image/life.png HTTP/1.1" 404 1644
[06/Jan/2015 17:35:06] "GET /add?type=life HTTP/1.1" 200 3467
[06/Jan/2015 17:35:07] "GET /add_life.html HTTP/1.1" 200 4363
[06/Jan/2015 17:48:52] "GET / HTTP/1.1" 200 3481
[06/Jan/2015 17:49:12] "GET / HTTP/1.1" 200 3481
[06/Jan/2015 17:49:13] "GET /js/bootstrap.min.js HTTP/1.1" 200 33019
[06/Jan/2015 17:49:14] "GET /js/jquery.min.js HTTP/1.1" 200 83100
[06/Jan/2015 17:49:16] "GET /favicon.ico HTTP/1.1" 404 5871
[06/Jan/2015 17:49:22] "GET /about.html HTTP/1.1" 200 4425
[06/Jan/2015 17:49:22] "GET /Bootstrap,%20from%20Twitter_files/jquery.js HTTP/1.1" 404 5959
[06/Jan/2015 17:49:22] "GET /Bootstrap,%20from%20Twitter_files/bootstrap-transition.js HTTP/1.1" 404 6001
[06/Jan/2015 17:49:22] "GET /Bootstrap,%20from%20Twitter_files/bootstrap-alert.js HTTP/1.1" 404 5986
[06/Jan/2015 17:49:22] "GET /Bootstrap,%20from%20Twitter_files/bootstrap-modal.js HTTP/1.1" 404 5986
[06/Jan/2015 17:49:22] "GET /Bootstrap,%20from%20Twitter_files/bootstrap-dropdown.js HTTP/1.1" 404 5995
[06/Jan/2015 17:49:22] "GET /Bootstrap,%20from%20Twitter_files/bootstrap-scrollspy.js HTTP/1.1" 404 5998
[06/Jan/2015 17:49:23] "GET /contact.html HTTP/1.1" 200 4797
[06/Jan/2015 17:49:23] "GET /Bootstrap,%20from%20Twitter_files/bootstrap-tab.js HTTP/1.1" 404 5980
[06/Jan/2015 17:49:23] "GET /Bootstrap,%20from%20Twitter_files/bootstrap-tooltip.js HTTP/1.1" 404 5992
[06/Jan/2015 17:49:23] "GET /Bootstrap,%20from%20Twitter_files/bootstrap-popover.js HTTP/1.1" 404 5992
[06/Jan/2015 17:49:23] "GET /Bootstrap,%20from%20Twitter_files/bootstrap-button.js HTTP/1.1" 404 5989
[06/Jan/2015 17:49:23] "GET /Bootstrap,%20from%20Twitter_files/bootstrap-collapse.js HTTP/1.1" 404 5995
[06/Jan/2015 17:49:23] "GET /Bootstrap,%20from%20Twitter_files/bootstrap-transition.js HTTP/1.1" 404 6001
[06/Jan/2015 17:49:24] "GET /Bootstrap,%20from%20Twitter_files/bootstrap-carousel.js HTTP/1.1" 404 5995
[06/Jan/2015 17:49:24] "GET /Bootstrap,%20from%20Twitter_files/bootstrap-typeahead.js HTTP/1.1" 404 5998
[06/Jan/2015 17:49:24] "GET /Bootstrap,%20from%20Twitter_files/jquery.js HTTP/1.1" 404 5959
[06/Jan/2015 17:49:24] "GET /Bootstrap,%20from%20Twitter_files/bootstrap-alert.js HTTP/1.1" 404 5986
[06/Jan/2015 17:49:24] "GET /Bootstrap,%20from%20Twitter_files/bootstrap-dropdown.js HTTP/1.1" 404 5995
[06/Jan/2015 17:49:24] "GET /Bootstrap,%20from%20Twitter_files/bootstrap-modal.js HTTP/1.1" 404 5986
[06/Jan/2015 17:49:24] "GET /Bootstrap,%20from%20Twitter_files/bootstrap-scrollspy.js HTTP/1.1" 404 5998
[06/Jan/2015 17:49:26] "GET /Bootstrap,%20from%20Twitter_files/bootstrap-tooltip.js HTTP/1.1" 404 5992
[06/Jan/2015 17:49:26] "GET /Bootstrap,%20from%20Twitter_files/bootstrap-collapse.js HTTP/1.1" 404 5995
[06/Jan/2015 17:49:26] "GET /Bootstrap,%20from%20Twitter_files/bootstrap-carousel.js HTTP/1.1" 404 5995
[06/Jan/2015 17:49:26] "GET /Bootstrap,%20from%20Twitter_files/bootstrap-popover.js HTTP/1.1" 404 5992
[06/Jan/2015 17:49:26] "GET /Bootstrap,%20from%20Twitter_files/bootstrap-button.js HTTP/1.1" 404 5989
[06/Jan/2015 17:49:27] "GET /Bootstrap,%20from%20Twitter_files/bootstrap-tab.js HTTP/1.1" 404 5980
[06/Jan/2015 17:49:27] "GET /Bootstrap,%20from%20Twitter_files/bootstrap-typeahead.js HTTP/1.1" 404 5998
[06/Jan/2015 17:49:34] "GET /favicon.ico HTTP/1.1" 404 5871
[06/Jan/2015 17:49:35] "GET /overview?type=academy HTTP/1.1" 200 3535
[06/Jan/2015 17:49:36] "GET /css/dashboard.css HTTP/1.1" 200 1557
[06/Jan/2015 17:49:37] "GET /css/bootstrap.min.css HTTP/1.1" 200 113513
[06/Jan/2015 17:49:37] "GET /image/academy.png HTTP/1.1" 200 139095
[06/Jan/2015 17:49:40] "GET /favicon.ico HTTP/1.1" 404 5871
[06/Jan/2015 17:49:43] "GET /index.html HTTP/1.1" 200 3481
[06/Jan/2015 17:49:46] "GET /add?type=academy HTTP/1.1" 200 3485
[06/Jan/2015 17:49:46] "GET /css/bootstrap-datetimepicker.min.css HTTP/1.1" 200 11288
[06/Jan/2015 17:49:46] "GET /js/bootstrap-datetimepicker.js HTTP/1.1" 200 57397
[06/Jan/2015 17:49:47] "GET /js/jquery-2.1.1.min.js HTTP/1.1" 200 84245
[06/Jan/2015 17:49:48] "GET /add_academy.html HTTP/1.1" 200 4299
[06/Jan/2015 17:49:50] "GET /favicon.ico HTTP/1.1" 404 5871
[06/Jan/2015 17:50:42] "GET /subscribe?type=academy HTTP/1.1" 301 0
[06/Jan/2015 17:50:42] "GET /subscribe/?type=academy HTTP/1.1" 200 4376
[06/Jan/2015 17:51:33] "GET /favicon.ico HTTP/1.1" 404 5871
[06/Jan/2015 17:51:34] "GET /favicon.ico HTTP/1.1" 404 5871
[06/Jan/2015 17:51:35] "GET /overview?type=news HTTP/1.1" 200 3083
[06/Jan/2015 17:51:35] "GET /image/news.png HTTP/1.1" 404 1644
[06/Jan/2015 17:51:36] "GET /favicon.ico HTTP/1.1" 404 5871
[06/Jan/2015 17:51:40] "GET /favicon.ico HTTP/1.1" 404 5871
[06/Jan/2015 17:51:41] "GET /overview?type=life HTTP/1.1" 200 3407
[06/Jan/2015 17:51:42] "GET /image/life.png HTTP/1.1" 404 1644
[06/Jan/2015 17:51:43] "GET /favicon.ico HTTP/1.1" 404 5871
[06/Jan/2015 17:59:39] "GET /add?type=life HTTP/1.1" 200 3467
[06/Jan/2015 17:59:40] "GET /add_life.html HTTP/1.1" 200 4363
[06/Jan/2015 17:59:41] "GET /fonts/glyphicons-halflings-regular.woff HTTP/1.1" 200 16448
[06/Jan/2015 17:59:43] "GET /favicon.ico HTTP/1.1" 404 5871
[06/Jan/2015 17:59:48] "GET /search?type=life HTTP/1.1" 200 2366
[06/Jan/2015 17:59:59] "GET /css/bootstrap-theme.css HTTP/1.1" 200 21368
[06/Jan/2015 18:00:02] "GET /css/bootstrap-datetimepicker.css HTTP/1.1" 200 12351
[06/Jan/2015 18:00:04] "GET /search_life.html HTTP/1.1" 200 5325
[06/Jan/2015 18:00:05] "GET /favicon.ico HTTP/1.1" 404 5871
[06/Jan/2015 18:00:34] "GET /search?type=life HTTP/1.1" 200 2366
[06/Jan/2015 18:00:35] "GET /js/bootstrap.min.js HTTP/1.1" 304 0
[06/Jan/2015 18:00:35] "GET /js/bootstrap-datetimepicker.js HTTP/1.1" 304 0
[06/Jan/2015 18:00:36] "GET /search_life.html HTTP/1.1" 200 5325
[06/Jan/2015 18:00:37] "GET /favicon.ico HTTP/1.1" 404 5871
[06/Jan/2015 18:00:42] "POST /search_result?type=life HTTP/1.1" 200 1304
[06/Jan/2015 18:00:42] "GET /favicon.ico HTTP/1.1" 404 5871
[06/Jan/2015 18:00:45] "GET /search_life HTTP/1.1" 200 5325
[06/Jan/2015 18:00:46] "GET /favicon.ico HTTP/1.1" 404 5871
[06/Jan/2015 18:00:49] "GET /search_life HTTP/1.1" 200 5325
[06/Jan/2015 18:00:50] "GET /favicon.ico HTTP/1.1" 404 5871
[06/Jan/2015 18:00:57] "POST /search_result?type=life HTTP/1.1" 200 1304
[06/Jan/2015 18:00:58] "GET /favicon.ico HTTP/1.1" 404 5871
[06/Jan/2015 18:01:01] "GET /search_life HTTP/1.1" 200 5325
[06/Jan/2015 18:01:02] "GET /favicon.ico HTTP/1.1" 404 5871
[06/Jan/2015 18:01:06] "POST /search_result?type=life HTTP/1.1" 200 1304
[06/Jan/2015 18:01:06] "GET /favicon.ico HTTP/1.1" 404 5871
[06/Jan/2015 18:01:11] "GET /favicon.ico HTTP/1.1" 404 5871
[06/Jan/2015 18:01:36] "POST /search_result?type=life HTTP/1.1" 500 120283
[06/Jan/2015 18:01:38] "GET /favicon.ico HTTP/1.1" 404 5871
[06/Jan/2015 18:01:59] "GET /favicon.ico HTTP/1.1" 404 5871
[06/Jan/2015 18:02:06] "GET /favicon.ico HTTP/1.1" 404 5871
[06/Jan/2015 18:03:52] "GET /overview?type=news HTTP/1.1" 200 3083
[06/Jan/2015 18:03:52] "GET /image/news.png HTTP/1.1" 404 1644
[06/Jan/2015 18:03:54] "GET /search?type=news HTTP/1.1" 200 2366
[06/Jan/2015 18:03:55] "GET /css/bootstrap-theme.css HTTP/1.1" 304 0
[06/Jan/2015 18:03:55] "GET /css/bootstrap-datetimepicker.css HTTP/1.1" 304 0
[06/Jan/2015 18:03:56] "GET /search_news.html HTTP/1.1" 200 4696
/usr/local/lib/python2.7/dist-packages/django/db/models/fields/__init__.py:1282: RuntimeWarning: DateTimeField news.date received a naive datetime (2014-12-10 00:00:00) while time zone support is active.
  RuntimeWarning)

[06/Jan/2015 18:04:03] "POST /search_result?type=news HTTP/1.1" 200 1546
[06/Jan/2015 18:04:07] "GET /index.html HTTP/1.1" 200 3481
[06/Jan/2015 18:04:09] "GET /overview?type=life HTTP/1.1" 200 3407
[06/Jan/2015 18:04:10] "GET /image/life.png HTTP/1.1" 404 1644
[06/Jan/2015 18:04:13] "GET /search?type=life HTTP/1.1" 200 2366
[06/Jan/2015 18:04:15] "GET /search_life.html HTTP/1.1" 200 5325
[06/Jan/2015 18:05:37] "GET / HTTP/1.1" 200 3481
[06/Jan/2015 18:05:42] "GET /js/bootstrap.min.js HTTP/1.1" 304 0
[06/Jan/2015 18:05:42] "GET /js/jquery.min.js HTTP/1.1" 200 83100
[06/Jan/2015 18:05:45] "GET /favicon.ico HTTP/1.1" 404 5871
[06/Jan/2015 18:07:48] "GET /search?type=life HTTP/1.1" 200 2366
[06/Jan/2015 18:07:48] "GET /search_life.html HTTP/1.1" 200 5325
[06/Jan/2015 18:08:58] "GET /search?type=life HTTP/1.1" 200 2366
[06/Jan/2015 18:08:58] "GET /search_life.html HTTP/1.1" 200 5326
/usr/local/lib/python2.7/dist-packages/django/db/models/fields/__init__.py:1282: RuntimeWarning: DateTimeField overseas.date received a naive datetime (2014-12-02 00:00:00) while time zone support is active.
  RuntimeWarning)

/usr/local/lib/python2.7/dist-packages/django/db/models/fields/__init__.py:1282: RuntimeWarning: DateTimeField overseas.date received a naive datetime (2015-01-10 00:00:00) while time zone support is active.
  RuntimeWarning)

[06/Jan/2015 18:09:55] "POST /search_result?type=life HTTP/1.1" 200 1543
[06/Jan/2015 18:10:11] "GET /search?type=life HTTP/1.1" 200 2366
[06/Jan/2015 18:10:12] "GET /css/bootstrap-theme.css HTTP/1.1" 200 21368
[06/Jan/2015 18:10:12] "GET /css/bootstrap-datetimepicker.min.css HTTP/1.1" 200 11288
[06/Jan/2015 18:10:12] "GET /css/bootstrap-datetimepicker.css HTTP/1.1" 200 12351
[06/Jan/2015 18:10:12] "GET /css/dashboard.css HTTP/1.1" 200 1557
[06/Jan/2015 18:10:12] "GET /js/bootstrap.min.js HTTP/1.1" 200 33019
[06/Jan/2015 18:10:13] "GET /js/bootstrap-datetimepicker.js HTTP/1.1" 200 57397
[06/Jan/2015 18:10:13] "GET /css/bootstrap.min.css HTTP/1.1" 200 113513
[06/Jan/2015 18:10:16] "GET /search_life.html HTTP/1.1" 200 5326
[06/Jan/2015 18:10:17] "GET /favicon.ico HTTP/1.1" 404 5871
/usr/local/lib/python2.7/dist-packages/django/db/models/fields/__init__.py:1282: RuntimeWarning: DateTimeField overseas.date received a naive datetime (2014-01-01 00:00:00) while time zone support is active.
  RuntimeWarning)

/usr/local/lib/python2.7/dist-packages/django/db/models/fields/__init__.py:1282: RuntimeWarning: DateTimeField overseas.date received a naive datetime (2015-01-07 00:00:00) while time zone support is active.
  RuntimeWarning)

[06/Jan/2015 18:10:29] "POST /search_result?type=life HTTP/1.1" 200 1304
[06/Jan/2015 18:10:30] "GET /favicon.ico HTTP/1.1" 404 5871
[06/Jan/2015 18:10:36] "GET /favicon.ico HTTP/1.1" 404 5871
/usr/local/lib/python2.7/dist-packages/django/db/models/fields/__init__.py:1282: RuntimeWarning: DateTimeField overseas.date received a naive datetime (2013-01-01 00:00:00) while time zone support is active.
  RuntimeWarning)

[06/Jan/2015 18:10:47] "POST /search_result?type=life HTTP/1.1" 200 1304
[06/Jan/2015 18:10:47] "GET /favicon.ico HTTP/1.1" 404 5871
[06/Jan/2015 18:11:59] "GET /favicon.ico HTTP/1.1" 404 5871
[06/Jan/2015 18:12:03] "POST /search_result?type=life HTTP/1.1" 200 1304
[06/Jan/2015 18:12:04] "GET /favicon.ico HTTP/1.1" 404 5871
[06/Jan/2015 18:12:10] "GET /favicon.ico HTTP/1.1" 404 5871
[06/Jan/2015 18:12:13] "POST /search_result?type=life HTTP/1.1" 200 1304
[06/Jan/2015 18:12:14] "GET /favicon.ico HTTP/1.1" 404 5871
[06/Jan/2015 18:12:20] "GET /favicon.ico HTTP/1.1" 404 5871
[06/Jan/2015 18:12:21] "GET /favicon.ico HTTP/1.1" 404 5871
[06/Jan/2015 18:12:22] "GET /overview?type=life HTTP/1.1" 200 3407
[06/Jan/2015 18:12:23] "GET /image/life.png HTTP/1.1" 404 1644
[06/Jan/2015 18:12:23] "GET /favicon.ico HTTP/1.1" 404 5871
[06/Jan/2015 18:12:26] "GET /index.html HTTP/1.1" 200 3481
[06/Jan/2015 18:12:27] "GET /favicon.ico HTTP/1.1" 404 5871
[06/Jan/2015 18:12:29] "GET /overview?type=news HTTP/1.1" 200 3083
[06/Jan/2015 18:12:30] "GET /image/news.png HTTP/1.1" 404 1644
[06/Jan/2015 18:12:31] "GET /favicon.ico HTTP/1.1" 404 5871
[06/Jan/2015 18:12:33] "GET /search?type=news HTTP/1.1" 200 2366
[06/Jan/2015 18:12:33] "GET /search_news.html HTTP/1.1" 200 4696
[06/Jan/2015 18:12:34] "GET /favicon.ico HTTP/1.1" 404 5871
[06/Jan/2015 18:12:36] "GET /overview?type=academy HTTP/1.1" 200 3535
[06/Jan/2015 18:12:37] "GET /css/bootstrap.min.css HTTP/1.1" 304 0
[06/Jan/2015 18:12:37] "GET /css/dashboard.css HTTP/1.1" 304 0
[06/Jan/2015 18:12:38] "GET /image/academy.png HTTP/1.1" 200 139095
[06/Jan/2015 18:12:41] "GET /subscribe?type=academy HTTP/1.1" 301 0
[06/Jan/2015 18:12:41] "GET /subscribe/?type=academy HTTP/1.1" 200 4376
/usr/local/lib/python2.7/dist-packages/django/db/models/fields/__init__.py:1282: RuntimeWarning: DateTimeField news.date received a naive datetime (2014-01-01 00:00:00) while time zone support is active.
  RuntimeWarning)

/usr/local/lib/python2.7/dist-packages/django/db/models/fields/__init__.py:1282: RuntimeWarning: DateTimeField news.date received a naive datetime (2015-01-07 00:00:00) while time zone support is active.
  RuntimeWarning)

[06/Jan/2015 18:12:44] "POST /search_result?type=news HTTP/1.1" 200 1546
[06/Jan/2015 18:12:45] "GET /favicon.ico HTTP/1.1" 404 5871
[06/Jan/2015 18:12:48] "GET /details?id=1&type=news HTTP/1.1" 200 12244
[06/Jan/2015 18:12:48] "GET /favicon.ico HTTP/1.1" 404 5871
[06/Jan/2015 18:12:55] "POST /subscribe_statu?type=academy HTTP/1.1" 200 3272
[06/Jan/2015 18:13:11] "GET /overview?type=academy HTTP/1.1" 200 3535
[06/Jan/2015 18:13:16] "GET /add?type=academy HTTP/1.1" 200 3485
[06/Jan/2015 18:13:17] "GET /css/bootstrap-datetimepicker.min.css HTTP/1.1" 304 0
[06/Jan/2015 18:13:17] "GET /js/bootstrap-datetimepicker.js HTTP/1.1" 304 0
[06/Jan/2015 18:13:17] "GET /js/jquery-2.1.1.min.js HTTP/1.1" 200 84245
[06/Jan/2015 18:13:28] "GET /search?type=academy HTTP/1.1" 200 2384
[06/Jan/2015 18:13:30] "GET /search?type=academy HTTP/1.1" 200 2384
[06/Jan/2015 18:13:30] "GET /search?type=academy HTTP/1.1" 200 2384
[06/Jan/2015 18:13:31] "GET /css/bootstrap-theme.css HTTP/1.1" 304 0
[06/Jan/2015 18:13:31] "GET /css/bootstrap-datetimepicker.css HTTP/1.1" 304 0
[06/Jan/2015 18:13:32] "GET /search_academy.html HTTP/1.1" 200 5207
[06/Jan/2015 18:13:32] "GET /fonts/glyphicons-halflings-regular.woff HTTP/1.1" 200 16448
[06/Jan/2015 18:14:28] "GET / HTTP/1.1" 200 3481
[06/Jan/2015 18:14:29] "GET /js/bootstrap.min.js HTTP/1.1" 200 33019
[06/Jan/2015 18:14:29] "GET /js/jquery.min.js HTTP/1.1" 200 83100
[06/Jan/2015 18:14:30] "GET /favicon.ico HTTP/1.1" 404 5871
[06/Jan/2015 18:14:56] "GET /overview?type=life HTTP/1.1" 200 3407
[06/Jan/2015 18:14:57] "GET /css/dashboard.css HTTP/1.1" 200 1557
[06/Jan/2015 18:14:57] "GET /image/life.png HTTP/1.1" 404 1644
[06/Jan/2015 18:14:57] "GET /css/bootstrap.min.css HTTP/1.1" 200 113513
[06/Jan/2015 18:14:58] "GET /image/life.png HTTP/1.1" 404 1644
[06/Jan/2015 18:15:16] "GET /index.html HTTP/1.1" 200 3481
[06/Jan/2015 18:15:19] "GET /overview?type=academy HTTP/1.1" 200 3535
[06/Jan/2015 18:15:20] "GET /image/academy.png HTTP/1.1" 200 139095
[06/Jan/2015 18:15:22] "GET /overview?type=life HTTP/1.1" 200 3407
[06/Jan/2015 18:15:23] "GET /image/life.png HTTP/1.1" 404 1644
[06/Jan/2015 18:15:23] "GET /search?type=academy HTTP/1.1" 200 2384
[06/Jan/2015 18:15:24] "GET /css/bootstrap-theme.css HTTP/1.1" 200 21368
[06/Jan/2015 18:15:24] "GET /css/bootstrap-datetimepicker.css HTTP/1.1" 200 12351
[06/Jan/2015 18:15:24] "GET /css/bootstrap-datetimepicker.min.css HTTP/1.1" 200 11288
[06/Jan/2015 18:15:24] "GET /js/bootstrap-datetimepicker.js HTTP/1.1" 200 57397
[06/Jan/2015 18:15:25] "GET /search_academy.html HTTP/1.1" 200 5207
[06/Jan/2015 18:15:25] "GET /index.html HTTP/1.1" 200 3481
[06/Jan/2015 18:15:25] "GET /fonts/glyphicons-halflings-regular.woff HTTP/1.1" 200 16448
[06/Jan/2015 18:15:26] "GET /index.html HTTP/1.1" 200 3481
[06/Jan/2015 18:15:29] "GET /about.html HTTP/1.1" 200 4425
[06/Jan/2015 18:15:29] "GET /Bootstrap,%20from%20Twitter_files/jquery.js HTTP/1.1" 404 5959
[06/Jan/2015 18:15:29] "GET /Bootstrap,%20from%20Twitter_files/bootstrap-transition.js HTTP/1.1" 404 6001
[06/Jan/2015 18:15:29] "GET /Bootstrap,%20from%20Twitter_files/bootstrap-alert.js HTTP/1.1" 404 5986
[06/Jan/2015 18:15:29] "GET /Bootstrap,%20from%20Twitter_files/bootstrap-modal.js HTTP/1.1" 404 5986
[06/Jan/2015 18:15:29] "GET /Bootstrap,%20from%20Twitter_files/bootstrap-dropdown.js HTTP/1.1" 404 5995
[06/Jan/2015 18:15:29] "GET /Bootstrap,%20from%20Twitter_files/bootstrap-scrollspy.js HTTP/1.1" 404 5998
[06/Jan/2015 18:15:30] "GET /Bootstrap,%20from%20Twitter_files/bootstrap-tab.js HTTP/1.1" 404 5980
[06/Jan/2015 18:15:30] "GET /Bootstrap,%20from%20Twitter_files/bootstrap-tooltip.js HTTP/1.1" 404 5992
[06/Jan/2015 18:15:30] "GET /Bootstrap,%20from%20Twitter_files/bootstrap-popover.js HTTP/1.1" 404 5992
[06/Jan/2015 18:15:30] "GET /Bootstrap,%20from%20Twitter_files/bootstrap-button.js HTTP/1.1" 404 5989
[06/Jan/2015 18:15:30] "GET /Bootstrap,%20from%20Twitter_files/bootstrap-collapse.js HTTP/1.1" 404 5995
[06/Jan/2015 18:15:30] "GET /Bootstrap,%20from%20Twitter_files/bootstrap-carousel.js HTTP/1.1" 404 5995
[06/Jan/2015 18:15:30] "GET /Bootstrap,%20from%20Twitter_files/bootstrap-typeahead.js HTTP/1.1" 404 5998
/usr/local/lib/python2.7/dist-packages/django/db/models/fields/__init__.py:1282: RuntimeWarning: DateTimeField academy.date received a naive datetime (2015-01-07 00:00:00) while time zone support is active.
  RuntimeWarning)

[06/Jan/2015 18:19:55] "POST /search_result?type=academy HTTP/1.1" 200 1307
[06/Jan/2015 18:19:57] "GET /search_academy HTTP/1.1" 200 5207
[06/Jan/2015 18:20:02] "POST /search_result?type=academy HTTP/1.1" 200 1307
[06/Jan/2015 18:20:04] "GET /search?type=academy HTTP/1.1" 200 2384
[06/Jan/2015 18:20:04] "GET /search_academy.html HTTP/1.1" 200 5207
[06/Jan/2015 18:20:06] "GET /add?type=academy HTTP/1.1" 200 3485
[06/Jan/2015 18:20:07] "GET /js/jquery-2.1.1.min.js HTTP/1.1" 200 84245
[06/Jan/2015 18:20:09] "GET /add_academy.html HTTP/1.1" 200 4299
[06/Jan/2015 18:20:17] "GET /index.html HTTP/1.1" 200 3481
[06/Jan/2015 18:27:05] "GET /contact.html HTTP/1.1" 200 4797
[06/Jan/2015 18:27:05] "GET /Bootstrap,%20from%20Twitter_files/jquery.js HTTP/1.1" 404 5959
[06/Jan/2015 18:27:05] "GET /Bootstrap,%20from%20Twitter_files/bootstrap-transition.js HTTP/1.1" 404 6001
[06/Jan/2015 18:27:05] "GET /Bootstrap,%20from%20Twitter_files/bootstrap-alert.js HTTP/1.1" 404 5986
[06/Jan/2015 18:27:05] "GET /Bootstrap,%20from%20Twitter_files/bootstrap-modal.js HTTP/1.1" 404 5986
[06/Jan/2015 18:27:05] "GET /Bootstrap,%20from%20Twitter_files/bootstrap-dropdown.js HTTP/1.1" 404 5995
[06/Jan/2015 18:27:05] "GET /Bootstrap,%20from%20Twitter_files/bootstrap-scrollspy.js HTTP/1.1" 404 5998
[06/Jan/2015 18:27:06] "GET /Bootstrap,%20from%20Twitter_files/bootstrap-tab.js HTTP/1.1" 404 5980
[06/Jan/2015 18:27:06] "GET /Bootstrap,%20from%20Twitter_files/bootstrap-tooltip.js HTTP/1.1" 404 5992
[06/Jan/2015 18:27:06] "GET /Bootstrap,%20from%20Twitter_files/bootstrap-popover.js HTTP/1.1" 404 5992
[06/Jan/2015 18:27:06] "GET /Bootstrap,%20from%20Twitter_files/bootstrap-collapse.js HTTP/1.1" 404 5995
[06/Jan/2015 18:27:06] "GET /Bootstrap,%20from%20Twitter_files/bootstrap-button.js HTTP/1.1" 404 5989
[06/Jan/2015 18:27:06] "GET /Bootstrap,%20from%20Twitter_files/bootstrap-carousel.js HTTP/1.1" 404 5995
[06/Jan/2015 18:27:06] "GET /Bootstrap,%20from%20Twitter_files/bootstrap-typeahead.js HTTP/1.1" 404 5998
[06/Jan/2015 18:27:09] "GET /index.html HTTP/1.1" 200 3481
[06/Jan/2015 18:28:26] "GET /add?type=life HTTP/1.1" 200 3467
[06/Jan/2015 18:28:26] "GET /add_life.html HTTP/1.1" 200 4363
[06/Jan/2015 18:29:34] "GET /overview?type=academy HTTP/1.1" 200 3535
[06/Jan/2015 18:30:39] "GET /subscribe/?type=academy HTTP/1.1" 200 4376
[06/Jan/2015 18:32:26] "GET /search?type=academy HTTP/1.1" 200 2384
[06/Jan/2015 18:32:27] "GET /search_academy.html HTTP/1.1" 200 5207
[06/Jan/2015 18:32:29] "GET /add?type=academy HTTP/1.1" 200 3485
[06/Jan/2015 18:32:30] "GET /add_academy.html HTTP/1.1" 200 4299
[06/Jan/2015 20:07:10] "GET /add?type=life HTTP/1.1" 200 3467
[06/Jan/2015 20:07:11] "GET /css/bootstrap-datetimepicker.min.css HTTP/1.1" 304 0
[06/Jan/2015 20:07:11] "GET /js/jquery-2.1.1.min.js HTTP/1.1" 304 0
[06/Jan/2015 20:07:11] "GET /js/bootstrap-datetimepicker.js HTTP/1.1" 304 0
[06/Jan/2015 20:07:12] "GET /add_life.html HTTP/1.1" 200 4363
[06/Jan/2015 20:07:12] "GET /fonts/glyphicons-halflings-regular.woff HTTP/1.1" 304 0
[06/Jan/2015 20:07:13] "GET /index.html HTTP/1.1" 200 3481
[06/Jan/2015 20:07:16] "GET /overview?type=life HTTP/1.1" 200 3407
[06/Jan/2015 20:07:16] "GET /js/jquery.min.js HTTP/1.1" 304 0
[06/Jan/2015 20:07:19] "GET /image/life.png HTTP/1.1" 404 1644
[06/Jan/2015 20:07:20] "GET /add?type=life HTTP/1.1" 200 3467
[06/Jan/2015 20:07:21] "GET /add_life.html HTTP/1.1" 200 4363
[07/Jan/2015 06:04:48] "GET http://s1.bdstatic.com/r/www/cache/static/home/img/logos/nuomi_ade5465d.png HTTP/1.1" 404 1816
[07/Jan/2015 15:48:09] "GET / HTTP/1.1" 200 3481
[07/Jan/2015 15:48:09] "GET / HTTP/1.1" 200 3481
[07/Jan/2015 15:48:10] "GET /js/bootstrap.min.js HTTP/1.1" 304 0
[07/Jan/2015 15:48:11] "GET /js/jquery.min.js HTTP/1.1" 200 83100
[07/Jan/2015 15:48:12] "GET /overview?type=academy HTTP/1.1" 200 3535
[07/Jan/2015 15:48:12] "GET /css/bootstrap.min.css HTTP/1.1" 304 0
[07/Jan/2015 15:48:13] "GET /css/dashboard.css HTTP/1.1" 304 0
[07/Jan/2015 15:48:13] "GET /image/academy.png HTTP/1.1" 304 0
[07/Jan/2015 15:48:16] "GET /js/jquery.min.js HTTP/1.1" 200 83100
[07/Jan/2015 15:48:16] "GET /overview?type=news HTTP/1.1" 200 3083
[07/Jan/2015 15:48:16] "GET /image/news.png HTTP/1.1" 404 1644
[07/Jan/2015 15:51:04] "GET /overview?type=news HTTP/1.1" 200 3083
[07/Jan/2015 15:51:07] "GET /image/news.png HTTP/1.1" 200 127328
[07/Jan/2015 15:51:17] "GET /index.html HTTP/1.1" 200 3481
[07/Jan/2015 15:51:19] "GET /js/jquery.min.js HTTP/1.1" 200 83100
[07/Jan/2015 15:51:20] "GET /overview?type=life HTTP/1.1" 200 3407
[07/Jan/2015 15:51:22] "GET /image/life.png HTTP/1.1" 200 118085
[07/Jan/2015 15:56:02] "GET /overview?type=life HTTP/1.1" 200 3407
[07/Jan/2015 15:56:02] "GET /image/life.png HTTP/1.1" 200 55091
[07/Jan/2015 15:58:41] "GET /index.html HTTP/1.1" 200 3481
[07/Jan/2015 15:58:43] "GET /js/jquery.min.js HTTP/1.1" 200 83100
[07/Jan/2015 15:58:49] "GET /overview?type=life HTTP/1.1" 200 3407
[07/Jan/2015 15:58:50] "GET /image/life.png HTTP/1.1" 304 0
[07/Jan/2015 15:58:55] "GET /overview?type=news HTTP/1.1" 200 3083
[07/Jan/2015 15:58:55] "GET /image/news.png HTTP/1.1" 200 56820
[07/Jan/2015 15:59:27] "GET /index.html HTTP/1.1" 200 3481
[07/Jan/2015 15:59:32] "GET /about.html HTTP/1.1" 200 4425
[07/Jan/2015 15:59:33] "GET /Bootstrap,%20from%20Twitter_files/jquery.js HTTP/1.1" 404 5959
[07/Jan/2015 15:59:33] "GET /Bootstrap,%20from%20Twitter_files/bootstrap-transition.js HTTP/1.1" 404 6001
[07/Jan/2015 15:59:33] "GET /Bootstrap,%20from%20Twitter_files/bootstrap-alert.js HTTP/1.1" 404 5986
[07/Jan/2015 15:59:33] "GET /Bootstrap,%20from%20Twitter_files/bootstrap-modal.js HTTP/1.1" 404 5986
[07/Jan/2015 15:59:33] "GET /Bootstrap,%20from%20Twitter_files/bootstrap-dropdown.js HTTP/1.1" 404 5995
[07/Jan/2015 15:59:33] "GET /Bootstrap,%20from%20Twitter_files/bootstrap-scrollspy.js HTTP/1.1" 404 5998
[07/Jan/2015 15:59:34] "GET /contact.html HTTP/1.1" 200 4797
[07/Jan/2015 15:59:34] "GET /Bootstrap,%20from%20Twitter_files/bootstrap-tab.js HTTP/1.1" 404 5980
[07/Jan/2015 15:59:34] "GET /Bootstrap,%20from%20Twitter_files/bootstrap-tooltip.js HTTP/1.1" 404 5992
[07/Jan/2015 15:59:34] "GET /Bootstrap,%20from%20Twitter_files/bootstrap-popover.js HTTP/1.1" 404 5992
[07/Jan/2015 15:59:34] "GET /Bootstrap,%20from%20Twitter_files/bootstrap-collapse.js HTTP/1.1" 404 5995
[07/Jan/2015 15:59:34] "GET /Bootstrap,%20from%20Twitter_files/bootstrap-button.js HTTP/1.1" 404 5989
[07/Jan/2015 15:59:35] "GET /Bootstrap,%20from%20Twitter_files/bootstrap-tooltip.js HTTP/1.1" 404 5992
[07/Jan/2015 15:59:35] "GET /Bootstrap,%20from%20Twitter_files/bootstrap-tab.js HTTP/1.1" 404 5980
[07/Jan/2015 15:59:35] "GET /Bootstrap,%20from%20Twitter_files/bootstrap-popover.js HTTP/1.1" 404 5992
[07/Jan/2015 15:59:35] "GET /Bootstrap,%20from%20Twitter_files/bootstrap-button.js HTTP/1.1" 404 5989
[07/Jan/2015 15:59:35] "GET /Bootstrap,%20from%20Twitter_files/bootstrap-collapse.js HTTP/1.1" 404 5995
[07/Jan/2015 15:59:36] "GET /Bootstrap,%20from%20Twitter_files/bootstrap-carousel.js HTTP/1.1" 404 5995
[07/Jan/2015 15:59:36] "GET /Bootstrap,%20from%20Twitter_files/bootstrap-typeahead.js HTTP/1.1" 404 5998
[07/Jan/2015 15:59:36] "GET /Bootstrap,%20from%20Twitter_files/jquery.js HTTP/1.1" 404 5959
[07/Jan/2015 15:59:37] "GET /index.html HTTP/1.1" 200 3481
[07/Jan/2015 15:59:39] "GET /about.html HTTP/1.1" 200 4425
[07/Jan/2015 15:59:39] "GET /Bootstrap,%20from%20Twitter_files/bootstrap-alert.js HTTP/1.1" 404 5986
[07/Jan/2015 15:59:39] "GET /Bootstrap,%20from%20Twitter_files/bootstrap-transition.js HTTP/1.1" 404 6001
[07/Jan/2015 15:59:39] "GET /Bootstrap,%20from%20Twitter_files/bootstrap-scrollspy.js HTTP/1.1" 404 5998
[07/Jan/2015 15:59:39] "GET /Bootstrap,%20from%20Twitter_files/jquery.js HTTP/1.1" 404 5959
[07/Jan/2015 15:59:39] "GET /Bootstrap,%20from%20Twitter_files/bootstrap-modal.js HTTP/1.1" 404 5986
[07/Jan/2015 15:59:39] "GET /Bootstrap,%20from%20Twitter_files/bootstrap-dropdown.js HTTP/1.1" 404 5995
[07/Jan/2015 15:59:40] "GET /contact.html HTTP/1.1" 200 4797
[07/Jan/2015 15:59:40] "GET /Bootstrap,%20from%20Twitter_files/bootstrap-tab.js HTTP/1.1" 404 5980
[07/Jan/2015 15:59:40] "GET /Bootstrap,%20from%20Twitter_files/bootstrap-tooltip.js HTTP/1.1" 404 5992
[07/Jan/2015 15:59:40] "GET /Bootstrap,%20from%20Twitter_files/bootstrap-popover.js HTTP/1.1" 404 5992
[07/Jan/2015 15:59:40] "GET /Bootstrap,%20from%20Twitter_files/bootstrap-button.js HTTP/1.1" 404 5989
[07/Jan/2015 15:59:40] "GET /Bootstrap,%20from%20Twitter_files/bootstrap-collapse.js HTTP/1.1" 404 5995
[07/Jan/2015 15:59:41] "GET /Bootstrap,%20from%20Twitter_files/jquery.js HTTP/1.1" 404 5959
[07/Jan/2015 15:59:41] "GET /Bootstrap,%20from%20Twitter_files/bootstrap-tooltip.js HTTP/1.1" 404 5992
[07/Jan/2015 15:59:41] "GET /Bootstrap,%20from%20Twitter_files/bootstrap-button.js HTTP/1.1" 404 5989
[07/Jan/2015 15:59:41] "GET /Bootstrap,%20from%20Twitter_files/bootstrap-collapse.js HTTP/1.1" 404 5995
[07/Jan/2015 15:59:41] "GET /Bootstrap,%20from%20Twitter_files/bootstrap-popover.js HTTP/1.1" 404 5992
[07/Jan/2015 15:59:42] "GET /index.html HTTP/1.1" 200 3481
[07/Jan/2015 15:59:42] "GET /Bootstrap,%20from%20Twitter_files/bootstrap-carousel.js HTTP/1.1" 404 5995
[07/Jan/2015 15:59:42] "GET /Bootstrap,%20from%20Twitter_files/bootstrap-typeahead.js HTTP/1.1" 404 5998
[07/Jan/2015 15:59:42] "GET /Bootstrap,%20from%20Twitter_files/bootstrap-tab.js HTTP/1.1" 404 5980
[07/Jan/2015 16:01:18] "GET / HTTP/1.1" 200 3481
[07/Jan/2015 16:01:19] "GET /js/bootstrap.min.js HTTP/1.1" 200 33019
[07/Jan/2015 16:01:20] "GET /js/jquery.min.js HTTP/1.1" 200 83100
[07/Jan/2015 16:01:25] "GET /favicon.ico HTTP/1.1" 404 5871
[07/Jan/2015 16:01:28] "GET /overview?type=academy HTTP/1.1" 200 3535
[07/Jan/2015 16:01:29] "GET /css/dashboard.css HTTP/1.1" 200 1557
[07/Jan/2015 16:01:33] "GET /css/bootstrap.min.css HTTP/1.1" 200 113513
[07/Jan/2015 16:01:37] "GET /image/academy.png HTTP/1.1" 200 139095
[07/Jan/2015 16:01:40] "GET /subscribe?type=academy HTTP/1.1" 301 0
[07/Jan/2015 16:01:41] "GET /subscribe/?type=academy HTTP/1.1" 200 4376
[07/Jan/2015 16:02:29] "POST /subscribe_statu?type=academy HTTP/1.1" 200 3272
[07/Jan/2015 16:02:34] "GET /overview?type=academy HTTP/1.1" 200 3535
[07/Jan/2015 16:02:50] "GET /add?type=academy HTTP/1.1" 200 3485
[07/Jan/2015 16:02:51] "GET /css/bootstrap-datetimepicker.min.css HTTP/1.1" 200 11288
[07/Jan/2015 16:02:51] "GET /js/bootstrap-datetimepicker.js HTTP/1.1" 200 57397
[07/Jan/2015 16:02:51] "GET /js/jquery-2.1.1.min.js HTTP/1.1" 200 84245
[07/Jan/2015 16:02:54] "GET /add_academy.html HTTP/1.1" 200 4299
[07/Jan/2015 16:02:55] "GET /fonts/glyphicons-halflings-regular.woff HTTP/1.1" 200 16448
[07/Jan/2015 16:02:56] "GET /index.html HTTP/1.1" 200 3481
[07/Jan/2015 16:03:43] "GET /overview?type=academy HTTP/1.1" 200 3535
[07/Jan/2015 16:03:47] "GET /subscribe/?type=academy HTTP/1.1" 200 4376
[07/Jan/2015 16:05:59] "POST /subscribe_statu?type=academy HTTP/1.1" 200 3272
[07/Jan/2015 16:07:45] "GET /overview?type=academy HTTP/1.1" 200 3535
[07/Jan/2015 16:07:52] "GET /search?type=academy HTTP/1.1" 200 2384
[07/Jan/2015 16:07:52] "GET /css/bootstrap-datetimepicker.css HTTP/1.1" 200 12351
[07/Jan/2015 16:07:55] "GET /css/bootstrap-theme.css HTTP/1.1" 200 21368
[07/Jan/2015 16:07:56] "GET /search_academy.html HTTP/1.1" 200 5207
[07/Jan/2015 16:07:58] "GET /add?type=academy HTTP/1.1" 200 3485
[07/Jan/2015 16:07:59] "GET /add_academy.html HTTP/1.1" 200 4299
[08/Jan/2015 11:56:24] "GET http://www.baidu.com/ HTTP/1.1" 404 1652
[08/Jan/2015 15:33:23] "GET / HTTP/1.1" 200 3481
[08/Jan/2015 15:33:23] "GET / HTTP/1.1" 200 3481
[08/Jan/2015 15:33:24] "GET /js/bootstrap.min.js HTTP/1.1" 304 0
[08/Jan/2015 15:33:29] "GET /js/jquery.min.js HTTP/1.1" 304 0
[08/Jan/2015 15:33:29] "GET /contact.html HTTP/1.1" 200 4797
[08/Jan/2015 15:33:30] "GET /contact.html HTTP/1.1" 200 4797
[08/Jan/2015 15:33:36] "GET /about.html HTTP/1.1" 200 4425
[08/Jan/2015 15:33:40] "GET /index.html HTTP/1.1" 200 3481
[08/Jan/2015 15:33:42] "GET /index.html HTTP/1.1" 200 3481
[08/Jan/2015 15:33:47] "GET /index.html HTTP/1.1" 200 3481
[08/Jan/2015 22:50:22] "CONNECT www.google.com:443 HTTP/1.0" 404 1644
[09/Jan/2015 05:47:56] "GET http://s1.bdstatic.com/r/www/cache/static/home/img/logos/nuomi_ade5465d.png HTTP/1.1" 404 1816
[09/Jan/2015 06:41:46] "GET / HTTP/1.1" 200 3481
[09/Jan/2015 06:41:47] "GET /js/bootstrap.min.js HTTP/1.1" 200 33019
[09/Jan/2015 06:41:47] "GET /js/jquery.min.js HTTP/1.1" 200 83100
[09/Jan/2015 06:42:14] "GET /overview?type=academy HTTP/1.1" 200 3535
[09/Jan/2015 06:42:15] "GET /css/dashboard.css HTTP/1.1" 200 1557
[09/Jan/2015 06:42:19] "GET /image/academy.png HTTP/1.1" 200 139095
[09/Jan/2015 06:42:22] "GET /css/bootstrap.min.css HTTP/1.1" 200 113513
[09/Jan/2015 06:42:42] "GET /subscribe?type=academy HTTP/1.1" 301 0
[09/Jan/2015 06:42:42] "GET /subscribe/?type=academy HTTP/1.1" 200 4376
[09/Jan/2015 09:28:36] "GET http://s1.bdstatic.com/r/www/cache/static/home/img/logos/nuomi_ade5465d.png HTTP/1.1" 404 1816
[09/Jan/2015 11:58:30] "GET http://www.baidu.com/ HTTP/1.1" 404 1652
[10/Jan/2015 02:01:47] "GET / HTTP/1.1" 200 3481
[10/Jan/2015 02:01:47] "GET /js/bootstrap.min.js HTTP/1.1" 200 33019
[10/Jan/2015 02:01:48] "GET /js/jquery.min.js HTTP/1.1" 200 83100
[10/Jan/2015 02:01:50] "GET /favicon.ico HTTP/1.1" 404 5871
[10/Jan/2015 02:02:03] "GET /about.html HTTP/1.1" 200 4425
[10/Jan/2015 02:02:04] "GET /Bootstrap,%20from%20Twitter_files/jquery.js HTTP/1.1" 404 5959
[10/Jan/2015 02:02:04] "GET /Bootstrap,%20from%20Twitter_files/bootstrap-transition.js HTTP/1.1" 404 6001
[10/Jan/2015 02:02:04] "GET /Bootstrap,%20from%20Twitter_files/bootstrap-alert.js HTTP/1.1" 404 5986
[10/Jan/2015 02:02:04] "GET /Bootstrap,%20from%20Twitter_files/bootstrap-scrollspy.js HTTP/1.1" 404 5998
[10/Jan/2015 02:02:04] "GET /Bootstrap,%20from%20Twitter_files/bootstrap-modal.js HTTP/1.1" 404 5986
[10/Jan/2015 02:02:04] "GET /Bootstrap,%20from%20Twitter_files/bootstrap-dropdown.js HTTP/1.1" 404 5995
[10/Jan/2015 02:02:05] "GET /Bootstrap,%20from%20Twitter_files/bootstrap-tab.js HTTP/1.1" 404 5980
[10/Jan/2015 02:02:05] "GET /Bootstrap,%20from%20Twitter_files/bootstrap-tooltip.js HTTP/1.1" 404 5992
[10/Jan/2015 02:02:05] "GET /Bootstrap,%20from%20Twitter_files/bootstrap-popover.js HTTP/1.1" 404 5992
[10/Jan/2015 02:02:05] "GET /Bootstrap,%20from%20Twitter_files/bootstrap-button.js HTTP/1.1" 404 5989
[10/Jan/2015 02:02:05] "GET /Bootstrap,%20from%20Twitter_files/bootstrap-collapse.js HTTP/1.1" 404 5995
[10/Jan/2015 02:02:05] "GET /Bootstrap,%20from%20Twitter_files/bootstrap-carousel.js HTTP/1.1" 404 5995
[10/Jan/2015 02:02:05] "GET /Bootstrap,%20from%20Twitter_files/bootstrap-typeahead.js HTTP/1.1" 404 5998
[10/Jan/2015 02:02:12] "GET /contact.html HTTP/1.1" 200 4797
[10/Jan/2015 02:02:14] "GET /Bootstrap,%20from%20Twitter_files/jquery.js HTTP/1.1" 404 5959
[10/Jan/2015 02:02:14] "GET /Bootstrap,%20from%20Twitter_files/bootstrap-transition.js HTTP/1.1" 404 6001
[10/Jan/2015 02:02:14] "GET /Bootstrap,%20from%20Twitter_files/bootstrap-modal.js HTTP/1.1" 404 5986
[10/Jan/2015 02:02:14] "GET /Bootstrap,%20from%20Twitter_files/bootstrap-dropdown.js HTTP/1.1" 404 5995
[10/Jan/2015 02:02:14] "GET /Bootstrap,%20from%20Twitter_files/bootstrap-alert.js HTTP/1.1" 404 5986
[10/Jan/2015 02:02:14] "GET /Bootstrap,%20from%20Twitter_files/bootstrap-tab.js HTTP/1.1" 404 5980
[10/Jan/2015 02:02:15] "GET /Bootstrap,%20from%20Twitter_files/bootstrap-scrollspy.js HTTP/1.1" 404 5998
[10/Jan/2015 02:02:15] "GET /Bootstrap,%20from%20Twitter_files/bootstrap-tooltip.js HTTP/1.1" 404 5992
[10/Jan/2015 02:02:15] "GET /Bootstrap,%20from%20Twitter_files/bootstrap-popover.js HTTP/1.1" 404 5992
[10/Jan/2015 02:02:15] "GET /Bootstrap,%20from%20Twitter_files/bootstrap-button.js HTTP/1.1" 404 5989
[10/Jan/2015 02:02:15] "GET /Bootstrap,%20from%20Twitter_files/bootstrap-collapse.js HTTP/1.1" 404 5995
[10/Jan/2015 02:02:16] "GET /Bootstrap,%20from%20Twitter_files/bootstrap-carousel.js HTTP/1.1" 404 5995
[10/Jan/2015 02:02:16] "GET /about.html HTTP/1.1" 200 4425
[10/Jan/2015 02:02:17] "GET /Bootstrap,%20from%20Twitter_files/bootstrap-typeahead.js HTTP/1.1" 404 5998
[10/Jan/2015 02:02:34] "GET /about.html HTTP/1.1" 200 4425
[10/Jan/2015 02:02:34] "GET /Bootstrap,%20from%20Twitter_files/jquery.js HTTP/1.1" 404 5959
[10/Jan/2015 02:02:35] "GET /Bootstrap,%20from%20Twitter_files/bootstrap-transition.js HTTP/1.1" 404 6001
[10/Jan/2015 02:02:35] "GET /Bootstrap,%20from%20Twitter_files/bootstrap-alert.js HTTP/1.1" 404 5986
[10/Jan/2015 02:02:35] "GET /Bootstrap,%20from%20Twitter_files/bootstrap-modal.js HTTP/1.1" 404 5986
[10/Jan/2015 02:02:35] "GET /Bootstrap,%20from%20Twitter_files/bootstrap-dropdown.js HTTP/1.1" 404 5995
[10/Jan/2015 02:02:35] "GET /Bootstrap,%20from%20Twitter_files/bootstrap-scrollspy.js HTTP/1.1" 404 5998
[10/Jan/2015 02:02:35] "GET /Bootstrap,%20from%20Twitter_files/bootstrap-tab.js HTTP/1.1" 404 5980
[10/Jan/2015 02:02:35] "GET /Bootstrap,%20from%20Twitter_files/bootstrap-tooltip.js HTTP/1.1" 404 5992
[10/Jan/2015 02:02:35] "GET /Bootstrap,%20from%20Twitter_files/bootstrap-popover.js HTTP/1.1" 404 5992
[10/Jan/2015 02:02:35] "GET /Bootstrap,%20from%20Twitter_files/bootstrap-button.js HTTP/1.1" 404 5989
[10/Jan/2015 02:02:36] "GET /contact.html HTTP/1.1" 200 4797
[10/Jan/2015 02:02:36] "GET /Bootstrap,%20from%20Twitter_files/bootstrap-collapse.js HTTP/1.1" 404 5995
[10/Jan/2015 02:02:36] "GET /Bootstrap,%20from%20Twitter_files/bootstrap-carousel.js HTTP/1.1" 404 5995
[10/Jan/2015 02:02:36] "GET /Bootstrap,%20from%20Twitter_files/bootstrap-typeahead.js HTTP/1.1" 404 5998
[10/Jan/2015 02:02:38] "GET /Bootstrap,%20from%20Twitter_files/jquery.js HTTP/1.1" 404 5959
[10/Jan/2015 02:02:38] "GET /Bootstrap,%20from%20Twitter_files/bootstrap-transition.js HTTP/1.1" 404 6001
[10/Jan/2015 02:02:38] "GET /Bootstrap,%20from%20Twitter_files/bootstrap-alert.js HTTP/1.1" 404 5986
[10/Jan/2015 02:02:38] "GET /Bootstrap,%20from%20Twitter_files/bootstrap-modal.js HTTP/1.1" 404 5986
[10/Jan/2015 02:02:38] "GET /Bootstrap,%20from%20Twitter_files/bootstrap-dropdown.js HTTP/1.1" 404 5995
[10/Jan/2015 02:02:38] "GET /Bootstrap,%20from%20Twitter_files/bootstrap-scrollspy.js HTTP/1.1" 404 5998
[10/Jan/2015 02:02:39] "GET /Bootstrap,%20from%20Twitter_files/bootstrap-tab.js HTTP/1.1" 404 5980
[10/Jan/2015 02:02:39] "GET /Bootstrap,%20from%20Twitter_files/bootstrap-tooltip.js HTTP/1.1" 404 5992
[10/Jan/2015 02:02:39] "GET /Bootstrap,%20from%20Twitter_files/bootstrap-popover.js HTTP/1.1" 404 5992
[10/Jan/2015 02:02:39] "GET /Bootstrap,%20from%20Twitter_files/bootstrap-button.js HTTP/1.1" 404 5989
[10/Jan/2015 02:02:39] "GET /Bootstrap,%20from%20Twitter_files/bootstrap-collapse.js HTTP/1.1" 404 5995
[10/Jan/2015 02:02:39] "GET /Bootstrap,%20from%20Twitter_files/bootstrap-carousel.js HTTP/1.1" 404 5995
[10/Jan/2015 02:02:39] "GET /Bootstrap,%20from%20Twitter_files/bootstrap-typeahead.js HTTP/1.1" 404 5998
[10/Jan/2015 02:02:43] "GET /index.html HTTP/1.1" 200 3481
[10/Jan/2015 02:02:47] "GET /index.html HTTP/1.1" 200 3481
[10/Jan/2015 02:02:52] "GET /index.html HTTP/1.1" 200 3481
[10/Jan/2015 02:02:55] "GET /about.html HTTP/1.1" 200 4425
[10/Jan/2015 02:02:56] "GET /Bootstrap,%20from%20Twitter_files/jquery.js HTTP/1.1" 404 5959
[10/Jan/2015 02:02:56] "GET /Bootstrap,%20from%20Twitter_files/bootstrap-alert.js HTTP/1.1" 404 5986
[10/Jan/2015 02:02:56] "GET /Bootstrap,%20from%20Twitter_files/bootstrap-transition.js HTTP/1.1" 404 6001
[10/Jan/2015 02:02:56] "GET /Bootstrap,%20from%20Twitter_files/bootstrap-modal.js HTTP/1.1" 404 5986
[10/Jan/2015 02:02:56] "GET /Bootstrap,%20from%20Twitter_files/bootstrap-dropdown.js HTTP/1.1" 404 5995
[10/Jan/2015 02:02:56] "GET /Bootstrap,%20from%20Twitter_files/bootstrap-scrollspy.js HTTP/1.1" 404 5998
[10/Jan/2015 02:02:57] "GET /Bootstrap,%20from%20Twitter_files/bootstrap-tooltip.js HTTP/1.1" 404 5992
[10/Jan/2015 02:02:57] "GET /Bootstrap,%20from%20Twitter_files/bootstrap-tab.js HTTP/1.1" 404 5980
[10/Jan/2015 02:02:57] "GET /Bootstrap,%20from%20Twitter_files/bootstrap-popover.js HTTP/1.1" 404 5992
[10/Jan/2015 02:02:57] "GET /Bootstrap,%20from%20Twitter_files/bootstrap-button.js HTTP/1.1" 404 5989
[10/Jan/2015 02:02:57] "GET /Bootstrap,%20from%20Twitter_files/bootstrap-collapse.js HTTP/1.1" 404 5995
[10/Jan/2015 02:02:57] "GET /Bootstrap,%20from%20Twitter_files/bootstrap-carousel.js HTTP/1.1" 404 5995
[10/Jan/2015 02:02:58] "GET /Bootstrap,%20from%20Twitter_files/bootstrap-typeahead.js HTTP/1.1" 404 5998
[10/Jan/2015 02:02:59] "GET /overview?type=academy HTTP/1.1" 200 3535
[10/Jan/2015 02:03:00] "GET /css/dashboard.css HTTP/1.1" 200 1557
[10/Jan/2015 02:03:01] "GET /css/bootstrap.min.css HTTP/1.1" 200 113513
[10/Jan/2015 02:03:02] "GET /image/academy.png HTTP/1.1" 200 139095
[10/Jan/2015 02:03:10] "GET /contact.html HTTP/1.1" 200 4797
[10/Jan/2015 02:03:11] "GET /subscribe?type=academy HTTP/1.1" 301 0
[10/Jan/2015 02:03:13] "GET /subscribe/?type=academy HTTP/1.1" 200 4376
[10/Jan/2015 02:03:23] "GET /overview?type=news HTTP/1.1" 200 3083
[10/Jan/2015 02:03:23] "GET /image/news.png HTTP/1.1" 200 56820
[10/Jan/2015 02:03:31] "GET /overview?type=life HTTP/1.1" 200 3407
[10/Jan/2015 02:03:35] "GET /image/life.png HTTP/1.1" 200 55091
[10/Jan/2015 02:04:06] "GET /overview?type=news HTTP/1.1" 200 3083
[10/Jan/2015 02:04:11] "GET / HTTP/1.1" 200 3481
[10/Jan/2015 02:04:11] "GET /../assets/js/html5shiv.js HTTP/1.1" 404 5913
[10/Jan/2015 02:06:42] "GET /index.html HTTP/1.1" 200 3481
[10/Jan/2015 02:06:44] "GET /overview?type=life HTTP/1.1" 200 3407
[10/Jan/2015 02:07:06] "GET /subscribe?type=academy HTTP/1.1" 301 0
[10/Jan/2015 02:07:06] "GET /subscribe/?type=academy HTTP/1.1" 200 4376
[10/Jan/2015 02:08:00] "GET /subscribe/?type=academy HTTP/1.1" 200 4376
[10/Jan/2015 02:08:59] code 400, message Bad request syntax ('GET /Bootstrap, from Twitter_files/bootstrap-alert.js HTTP/1.1')
[10/Jan/2015 02:08:59] "GET /Bootstrap, from Twitter_files/bootstrap-alert.js HTTP/1.1" 400 -
[10/Jan/2015 02:08:59] code 400, message Bad request syntax ('GET /Bootstrap, from Twitter_files/bootstrap-modal.js HTTP/1.1')
[10/Jan/2015 02:08:59] "GET /Bootstrap, from Twitter_files/bootstrap-modal.js HTTP/1.1" 400 -
[10/Jan/2015 02:08:59] code 400, message Bad request syntax ('GET /Bootstrap, from Twitter_files/bootstrap-dropdown.js HTTP/1.1')
[10/Jan/2015 02:08:59] "GET /Bootstrap, from Twitter_files/bootstrap-dropdown.js HTTP/1.1" 400 -
[10/Jan/2015 02:08:59] "GET /assets/js/html5shiv.js HTTP/1.1" 404 5904
[10/Jan/2015 02:08:59] code 400, message Bad request syntax ('GET /Bootstrap, from Twitter_files/bootstrap-popover.js HTTP/1.1')
[10/Jan/2015 02:08:59] "GET /Bootstrap, from Twitter_files/bootstrap-popover.js HTTP/1.1" 400 -
[10/Jan/2015 02:08:59] code 400, message Bad request syntax ('GET /Bootstrap, from Twitter_files/bootstrap-collapse.js HTTP/1.1')
[10/Jan/2015 02:08:59] "GET /Bootstrap, from Twitter_files/bootstrap-collapse.js HTTP/1.1" 400 -
[10/Jan/2015 02:08:59] code 400, message Bad request syntax ('GET /Bootstrap, from Twitter_files/bootstrap-transition.js HTTP/1.1')
[10/Jan/2015 02:08:59] "GET /Bootstrap, from Twitter_files/bootstrap-transition.js HTTP/1.1" 400 -
[10/Jan/2015 02:08:59] code 400, message Bad request syntax ('GET /Bootstrap, from Twitter_files/bootstrap-typeahead.js HTTP/1.1')
[10/Jan/2015 02:08:59] "GET /Bootstrap, from Twitter_files/bootstrap-typeahead.js HTTP/1.1" 400 -
[10/Jan/2015 02:08:59] code 400, message Bad request syntax ('GET /Bootstrap, from Twitter_files/bootstrap-carousel.js HTTP/1.1')
[10/Jan/2015 02:08:59] "GET /Bootstrap, from Twitter_files/bootstrap-carousel.js HTTP/1.1" 400 -
[10/Jan/2015 02:08:59] code 400, message Bad request syntax ('GET /Bootstrap, from Twitter_files/jquery.js HTTP/1.1')
[10/Jan/2015 02:08:59] "GET /Bootstrap, from Twitter_files/jquery.js HTTP/1.1" 400 -
[10/Jan/2015 02:08:59] code 400, message Bad request syntax ('GET /Bootstrap, from Twitter_files/bootstrap-tab.js HTTP/1.1')
[10/Jan/2015 02:08:59] "GET /Bootstrap, from Twitter_files/bootstrap-tab.js HTTP/1.1" 400 -
[10/Jan/2015 02:08:59] code 400, message Bad request syntax ('GET /Bootstrap, from Twitter_files/bootstrap-scrollspy.js HTTP/1.1')
[10/Jan/2015 02:08:59] "GET /Bootstrap, from Twitter_files/bootstrap-scrollspy.js HTTP/1.1" 400 -
[10/Jan/2015 02:08:59] code 400, message Bad request syntax ('GET /Bootstrap, from Twitter_files/bootstrap-tooltip.js HTTP/1.1')
[10/Jan/2015 02:08:59] "GET /Bootstrap, from Twitter_files/bootstrap-tooltip.js HTTP/1.1" 400 -
[10/Jan/2015 02:08:59] code 400, message Bad request syntax ('GET /Bootstrap, from Twitter_files/bootstrap-button.js HTTP/1.1')
[10/Jan/2015 02:08:59] "GET /Bootstrap, from Twitter_files/bootstrap-button.js HTTP/1.1" 400 -
[10/Jan/2015 02:09:43] "GET /js/bootstrap.min.js HTTP/1.1" 200 33019
[10/Jan/2015 02:11:54] "GET / HTTP/1.1" 200 3481
[10/Jan/2015 02:12:07] "GET /js/bootstrap.min.js HTTP/1.1" 200 33019
[10/Jan/2015 02:12:49] "GET /subscribe/assets/js/html5shiv.js HTTP/1.1" 500 59596
[10/Jan/2015 02:12:55] "GET /js/bootstrap.min.js HTTP/1.1" 200 33019
[10/Jan/2015 02:12:55] "GET /assets/js/html5shiv.js HTTP/1.1" 404 5904
[10/Jan/2015 02:12:57] "GET /js/jquery.min.js HTTP/1.1" 200 83100
[10/Jan/2015 02:18:01] "GET /js/bootstrap.min.js HTTP/1.1" 200 33019
[10/Jan/2015 02:18:01] "GET /assets/js/html5shiv.js HTTP/1.1" 404 5904
[10/Jan/2015 02:18:02] "GET /js/jquery.min.js HTTP/1.1" 200 83100
[10/Jan/2015 03:05:20] "GET /about.html HTTP/1.1" 200 4425
[10/Jan/2015 03:05:20] "GET /Bootstrap,%20from%20Twitter_files/jquery.js HTTP/1.1" 404 5959
[10/Jan/2015 03:05:21] "GET /Bootstrap,%20from%20Twitter_files/bootstrap-transition.js HTTP/1.1" 404 6001
[10/Jan/2015 03:05:21] "GET /Bootstrap,%20from%20Twitter_files/bootstrap-alert.js HTTP/1.1" 404 5986
[10/Jan/2015 03:05:21] "GET /Bootstrap,%20from%20Twitter_files/bootstrap-dropdown.js HTTP/1.1" 404 5995
[10/Jan/2015 03:05:21] "GET /Bootstrap,%20from%20Twitter_files/bootstrap-modal.js HTTP/1.1" 404 5986
[10/Jan/2015 03:05:21] "GET /Bootstrap,%20from%20Twitter_files/bootstrap-scrollspy.js HTTP/1.1" 404 5998
[10/Jan/2015 03:05:21] "GET /Bootstrap,%20from%20Twitter_files/bootstrap-tab.js HTTP/1.1" 404 5980
[10/Jan/2015 03:05:21] "GET /Bootstrap,%20from%20Twitter_files/bootstrap-tooltip.js HTTP/1.1" 404 5992
[10/Jan/2015 03:05:21] "GET /Bootstrap,%20from%20Twitter_files/bootstrap-button.js HTTP/1.1" 404 5989
[10/Jan/2015 03:05:21] "GET /Bootstrap,%20from%20Twitter_files/bootstrap-popover.js HTTP/1.1" 404 5992
[10/Jan/2015 03:05:21] "GET /Bootstrap,%20from%20Twitter_files/bootstrap-collapse.js HTTP/1.1" 404 5995
[10/Jan/2015 03:05:21] "GET /Bootstrap,%20from%20Twitter_files/bootstrap-carousel.js HTTP/1.1" 404 5995
[10/Jan/2015 03:05:22] "GET /Bootstrap,%20from%20Twitter_files/bootstrap-typeahead.js HTTP/1.1" 404 5998
[10/Jan/2015 23:03:14] "GET http://s1.bdstatic.com/r/www/cache/static/home/img/logos/nuomi_ade5465d.png HTTP/1.1" 404 1816
[11/Jan/2015 12:06:20] "GET http://www.baidu.com/ HTTP/1.1" 404 1652
[11/Jan/2015 13:20:42] "GET http://s1.bdstatic.com/r/www/cache/static/home/img/logos/nuomi_ade5465d.png HTTP/1.1" 404 1816
[12/Jan/2015 12:07:45] "GET http://www.baidu.com/ HTTP/1.1" 404 1652
[12/Jan/2015 14:01:00] "GET http://s1.bdstatic.com/r/www/cache/static/home/img/logos/nuomi_ade5465d.png HTTP/1.1" 404 1816
[14/Jan/2015 03:32:42] "GET / HTTP/1.0" 200 3481
[15/Jan/2015 11:57:28] "GET http://www.baidu.com/ HTTP/1.1" 404 1652
